[debug] [2025-10-06T12:45:34.135Z] ----------------------------------------------------------------------
[debug] [2025-10-06T12:45:34.138Z] Command:       C:\Program Files\nodejs\node.exe C:\Users\USER\AppData\Roaming\npm\node_modules\firebase-tools\lib\bin\firebase.js init
[debug] [2025-10-06T12:45:34.139Z] CLI Version:   14.18.0
[debug] [2025-10-06T12:45:34.139Z] Platform:      win32
[debug] [2025-10-06T12:45:34.139Z] Node Version:  v22.14.0
[debug] [2025-10-06T12:45:34.139Z] Time:          Mon Oct 06 2025 13:45:34 GMT+0100 (West Africa Standard Time)
[debug] [2025-10-06T12:45:34.140Z] ----------------------------------------------------------------------
[debug] 
[debug] [2025-10-06T12:45:34.143Z] >>> [apiv2][query] GET https://firebase-public.firebaseio.com/cli.json [none]
[debug] [2025-10-06T12:45:34.206Z] > command requires scopes: ["email","openid","https://www.googleapis.com/auth/cloudplatformprojects.readonly","https://www.googleapis.com/auth/firebase","https://www.googleapis.com/auth/cloud-platform"]
[debug] [2025-10-06T12:45:34.207Z] > authorizing via signed-in user (immannuell234@gmail.com)
[info] 
     ######## #### ########  ######## ########     ###     ######  ########
     ##        ##  ##     ## ##       ##     ##  ##   ##  ##       ##
     ######    ##  ########  ######   ########  #########  ######  ######
     ##        ##  ##    ##  ##       ##     ## ##     ##       ## ##
     ##       #### ##     ## ######## ########  ##     ##  ######  ########

You're about to initialize a Firebase project in this directory:

  C:\Users\USER\Desktop\crime-tracker

[debug] [2025-10-06T12:45:35.144Z] <<< [apiv2][status] GET https://firebase-public.firebaseio.com/cli.json 200
[debug] [2025-10-06T12:45:35.145Z] <<< [apiv2][body] GET https://firebase-public.firebaseio.com/cli.json {"cloudBuildErrorAfter":1594252800000,"cloudBuildWarnAfter":1590019200000,"defaultNode10After":1594252800000,"minVersion":"3.0.5","node8DeploysDisabledAfter":1613390400000,"node8RuntimeDisabledAfter":1615809600000,"node8WarnAfter":1600128000000}
[info] 
=== Project Setup
[info] 
[info] First, let's associate this project directory with a Firebase project.
[info] You can create multiple project aliases by running firebase use --add, 
[info] but for now we'll just set up a default project.
[info] 
[debug] [2025-10-06T12:51:22.344Z] Checked if tokens are valid: false, expires at: 1746810347413
[debug] [2025-10-06T12:51:22.344Z] Checked if tokens are valid: false, expires at: 1746810347413
[debug] [2025-10-06T12:51:22.345Z] > refreshing access token with scopes: []
[debug] [2025-10-06T12:51:22.346Z] >>> [apiv2][query] POST https://www.googleapis.com/oauth2/v3/token [none]
[debug] [2025-10-06T12:51:22.346Z] >>> [apiv2][body] POST https://www.googleapis.com/oauth2/v3/token [omitted]
[debug] [2025-10-06T12:51:22.958Z] <<< [apiv2][status] POST https://www.googleapis.com/oauth2/v3/token 200
[debug] [2025-10-06T12:51:22.959Z] <<< [apiv2][body] POST https://www.googleapis.com/oauth2/v3/token [omitted]
[debug] [2025-10-06T12:51:22.993Z] >>> [apiv2][query] GET https://firebase.googleapis.com/v1beta1/projects pageSize=100
[debug] [2025-10-06T12:51:24.281Z] <<< [apiv2][status] GET https://firebase.googleapis.com/v1beta1/projects 200
[debug] [2025-10-06T12:51:24.282Z] <<< [apiv2][body] GET https://firebase.googleapis.com/v1beta1/projects [omitted]
[info] i  Using project crime-tracker-5299b (crime-tracker) 
[info] 
=== Firestore Setup
[info] i  firestore: ensuring required API firestore.googleapis.com is enabled... 
[debug] [2025-10-06T12:51:28.631Z] Checked if tokens are valid: true, expires at: 1759758681959
[debug] [2025-10-06T12:51:28.632Z] Checked if tokens are valid: true, expires at: 1759758681959
[debug] [2025-10-06T12:51:28.632Z] >>> [apiv2][query] GET https://serviceusage.googleapis.com/v1/projects/crime-tracker-5299b/services/firestore.googleapis.com [none]
[debug] [2025-10-06T12:51:28.632Z] >>> [apiv2][(partial)header] GET https://serviceusage.googleapis.com/v1/projects/crime-tracker-5299b/services/firestore.googleapis.com x-goog-quota-user=projects/crime-tracker-5299b
[debug] [2025-10-06T12:51:30.062Z] <<< [apiv2][status] GET https://serviceusage.googleapis.com/v1/projects/crime-tracker-5299b/services/firestore.googleapis.com 200
[debug] [2025-10-06T12:51:30.062Z] <<< [apiv2][body] GET https://serviceusage.googleapis.com/v1/projects/crime-tracker-5299b/services/firestore.googleapis.com [omitted]
[warn] !  firestore: missing required API firestore.googleapis.com. Enabling now... 
[debug] [2025-10-06T12:51:30.066Z] Checked if tokens are valid: true, expires at: 1759758681959
[debug] [2025-10-06T12:51:30.067Z] Checked if tokens are valid: true, expires at: 1759758681959
[debug] [2025-10-06T12:51:30.067Z] >>> [apiv2][query] POST https://serviceusage.googleapis.com/v1/projects/crime-tracker-5299b/services/firestore.googleapis.com:enable [none]
[debug] [2025-10-06T12:51:30.068Z] >>> [apiv2][(partial)header] POST https://serviceusage.googleapis.com/v1/projects/crime-tracker-5299b/services/firestore.googleapis.com:enable x-goog-quota-user=projects/crime-tracker-5299b
[debug] [2025-10-06T12:51:31.303Z] <<< [apiv2][status] POST https://serviceusage.googleapis.com/v1/projects/crime-tracker-5299b/services/firestore.googleapis.com:enable 200
[debug] [2025-10-06T12:51:31.304Z] <<< [apiv2][body] POST https://serviceusage.googleapis.com/v1/projects/crime-tracker-5299b/services/firestore.googleapis.com:enable [omitted]
[debug] [2025-10-06T12:51:41.344Z] Checked if tokens are valid: true, expires at: 1759758681959
[debug] [2025-10-06T12:51:41.345Z] Checked if tokens are valid: true, expires at: 1759758681959
[debug] [2025-10-06T12:51:41.346Z] >>> [apiv2][query] GET https://firestore.googleapis.com/v1/projects/crime-tracker-5299b/databases [none]
[debug] [2025-10-06T12:51:42.333Z] <<< [apiv2][status] GET https://firestore.googleapis.com/v1/projects/crime-tracker-5299b/databases 200
[debug] [2025-10-06T12:51:42.334Z] <<< [apiv2][body] GET https://firestore.googleapis.com/v1/projects/crime-tracker-5299b/databases {}
[debug] [2025-10-06T12:51:42.334Z] Checked if tokens are valid: true, expires at: 1759758681959
[debug] [2025-10-06T12:51:42.335Z] Checked if tokens are valid: true, expires at: 1759758681959
[debug] [2025-10-06T12:51:42.335Z] >>> [apiv2][query] GET https://firestore.googleapis.com/v1/projects/crime-tracker-5299b/locations [none]
[debug] [2025-10-06T12:51:42.575Z] <<< [apiv2][status] GET https://firestore.googleapis.com/v1/projects/crime-tracker-5299b/locations 200
[debug] [2025-10-06T12:51:42.575Z] <<< [apiv2][body] GET https://firestore.googleapis.com/v1/projects/crime-tracker-5299b/locations {"locations":[{"name":"projects/crime-tracker-5299b/locations/eur3","labels":{"appengine.googleapis.com/geo":"europe-west","cloud.googleapis.com/location":"eur3","cloud.googleapis.com/geo":"eur3"},"metadata":{"@type":"type.googleapis.com/google.firestore.admin.v1.LocationMetadata"},"locationId":"eur3","displayName":"Europe"},{"name":"projects/crime-tracker-5299b/locations/nam5","labels":{"appengine.googleapis.com/geo":"us-central","cloud.googleapis.com/location":"nam5","cloud.googleapis.com/geo":"nam5"},"metadata":{"@type":"type.googleapis.com/google.firestore.admin.v1.LocationMetadata"},"locationId":"nam5","displayName":"United States"},{"name":"projects/crime-tracker-5299b/locations/nam7","labels":{"cloud.googleapis.com/location":"nam7","cloud.googleapis.com/geo":"nam7"},"metadata":{"@type":"type.googleapis.com/google.firestore.admin.v1.LocationMetadata"},"locationId":"nam7","displayName":"United States"},{"name":"projects/crime-tracker-5299b/locations/africa-south1","labels":{"cloud.googleapis.com/location":"africa-south1","cloud.googleapis.com/region":"africa-south1"},"metadata":{"@type":"type.googleapis.com/google.firestore.admin.v1.LocationMetadata"},"locationId":"africa-south1","displayName":"Johannesburg"},{"name":"projects/crime-tracker-5299b/locations/asia-east1","labels":{"appengine.googleapis.com/region":"asia-east1","cloud.googleapis.com/location":"asia-east1","cloud.googleapis.com/region":"asia-east1"},"metadata":{"@type":"type.googleapis.com/google.firestore.admin.v1.LocationMetadata"},"locationId":"asia-east1","displayName":"Taiwan"},{"name":"projects/crime-tracker-5299b/locations/asia-east2","labels":{"appengine.googleapis.com/region":"asia-east2","cloud.googleapis.com/location":"asia-east2","cloud.googleapis.com/region":"asia-east2"},"metadata":{"@type":"type.googleapis.com/google.firestore.admin.v1.LocationMetadata"},"locationId":"asia-east2","displayName":"Hong Kong"},{"name":"projects/crime-tracker-5299b/locations/asia-northeast1","labels":{"appengine.googleapis.com/region":"asia-northeast1","cloud.googleapis.com/location":"asia-northeast1","cloud.googleapis.com/region":"asia-northeast1"},"metadata":{"@type":"type.googleapis.com/google.firestore.admin.v1.LocationMetadata"},"locationId":"asia-northeast1","displayName":"Tokyo"},{"name":"projects/crime-tracker-5299b/locations/asia-northeast2","labels":{"appengine.googleapis.com/region":"asia-northeast2","cloud.googleapis.com/location":"asia-northeast2","cloud.googleapis.com/region":"asia-northeast2"},"metadata":{"@type":"type.googleapis.com/google.firestore.admin.v1.LocationMetadata"},"locationId":"asia-northeast2","displayName":"Osaka"},{"name":"projects/crime-tracker-5299b/locations/asia-northeast3","labels":{"appengine.googleapis.com/region":"asia-northeast3","cloud.googleapis.com/location":"asia-northeast3","cloud.googleapis.com/region":"asia-northeast3"},"metadata":{"@type":"type.googleapis.com/google.firestore.admin.v1.LocationMetadata"},"locationId":"asia-northeast3","displayName":"Seoul"},{"name":"projects/crime-tracker-5299b/locations/asia-south1","labels":{"appengine.googleapis.com/region":"asia-south1","cloud.googleapis.com/location":"asia-south1","cloud.googleapis.com/region":"asia-south1"},"metadata":{"@type":"type.googleapis.com/google.firestore.admin.v1.LocationMetadata"},"locationId":"asia-south1","displayName":"Mumbai"},{"name":"projects/crime-tracker-5299b/locations/asia-south2","labels":{"cloud.googleapis.com/location":"asia-south2","cloud.googleapis.com/region":"asia-south2"},"metadata":{"@type":"type.googleapis.com/google.firestore.admin.v1.LocationMetadata"},"locationId":"asia-south2","displayName":"Delhi"},{"name":"projects/crime-tracker-5299b/locations/asia-southeast1","labels":{"appengine.googleapis.com/region":"asia-southeast1","cloud.googleapis.com/location":"asia-southeast1","cloud.googleapis.com/region":"asia-southeast1"},"metadata":{"@type":"type.googleapis.com/google.firestore.admin.v1.LocationMetadata"},"locationId":"asia-southeast1","displayName":"Singapore"},{"name":"projects/crime-tracker-5299b/locations/asia-southeast2","labels":{"appengine.googleapis.com/region":"asia-southeast2","cloud.googleapis.com/location":"asia-southeast2","cloud.googleapis.com/region":"asia-southeast2"},"metadata":{"@type":"type.googleapis.com/google.firestore.admin.v1.LocationMetadata"},"locationId":"asia-southeast2","displayName":"Jakarta"},{"name":"projects/crime-tracker-5299b/locations/australia-southeast1","labels":{"appengine.googleapis.com/region":"australia-southeast1","cloud.googleapis.com/location":"australia-southeast1","cloud.googleapis.com/region":"australia-southeast1"},"metadata":{"@type":"type.googleapis.com/google.firestore.admin.v1.LocationMetadata"},"locationId":"australia-southeast1","displayName":"Sydney"},{"name":"projects/crime-tracker-5299b/locations/australia-southeast2","labels":{"cloud.googleapis.com/location":"australia-southeast2","cloud.googleapis.com/region":"australia-southeast2"},"metadata":{"@type":"type.googleapis.com/google.firestore.admin.v1.LocationMetadata"},"locationId":"australia-southeast2","displayName":"Melbourne"},{"name":"projects/crime-tracker-5299b/locations/europe-central2","labels":{"appengine.googleapis.com/region":"europe-central2","cloud.googleapis.com/location":"europe-central2","cloud.googleapis.com/region":"europe-central2"},"metadata":{"@type":"type.googleapis.com/google.firestore.admin.v1.LocationMetadata"},"locationId":"europe-central2","displayName":"Warsaw"},{"name":"projects/crime-tracker-5299b/locations/europe-north1","labels":{"cloud.googleapis.com/location":"europe-north1","cloud.googleapis.com/region":"europe-north1"},"metadata":{"@type":"type.googleapis.com/google.firestore.admin.v1.LocationMetadata"},"locationId":"europe-north1","displayName":"Finland"},{"name":"projects/crime-tracker-5299b/locations/europe-north2","labels":{"cloud.googleapis.com/location":"europe-north2","cloud.googleapis.com/region":"europe-north2"},"metadata":{"@type":"type.googleapis.com/google.firestore.admin.v1.LocationMetadata"},"locationId":"europe-north2","displayName":"Stockholm"},{"name":"projects/crime-tracker-5299b/locations/europe-southwest1","labels":{"cloud.googleapis.com/location":"europe-southwest1","cloud.googleapis.com/region":"europe-southwest1"},"metadata":{"@type":"type.googleapis.com/google.firestore.admin.v1.LocationMetadata"},"locationId":"europe-southwest1","displayName":"Madrid"},{"name":"projects/crime-tracker-5299b/locations/europe-west1","labels":{"cloud.googleapis.com/location":"europe-west1","cloud.googleapis.com/region":"europe-west1"},"metadata":{"@type":"type.googleapis.com/google.firestore.admin.v1.LocationMetadata"},"locationId":"europe-west1","displayName":"Belgium"},{"name":"projects/crime-tracker-5299b/locations/europe-west10","labels":{"cloud.googleapis.com/location":"europe-west10","cloud.googleapis.com/region":"europe-west10"},"metadata":{"@type":"type.googleapis.com/google.firestore.admin.v1.LocationMetadata"},"locationId":"europe-west10","displayName":"Berlin"},{"name":"projects/crime-tracker-5299b/locations/europe-west12","labels":{"cloud.googleapis.com/location":"europe-west12","cloud.googleapis.com/region":"europe-west12"},"metadata":{"@type":"type.googleapis.com/google.firestore.admin.v1.LocationMetadata"},"locationId":"europe-west12","displayName":"Turin"},{"name":"projects/crime-tracker-5299b/locations/europe-west2","labels":{"appengine.googleapis.com/region":"europe-west2","cloud.googleapis.com/location":"europe-west2","cloud.googleapis.com/region":"europe-west2"},"metadata":{"@type":"type.googleapis.com/google.firestore.admin.v1.LocationMetadata"},"locationId":"europe-west2","displayName":"London"},{"name":"projects/crime-tracker-5299b/locations/europe-west3","labels":{"appengine.googleapis.com/region":"europe-west3","cloud.googleapis.com/location":"europe-west3","cloud.googleapis.com/region":"europe-west3"},"metadata":{"@type":"type.googleapis.com/google.firestore.admin.v1.LocationMetadata"},"locationId":"europe-west3","displayName":"Frankfurt"},{"name":"projects/crime-tracker-5299b/locations/europe-west4","labels":{"cloud.googleapis.com/location":"europe-west4","cloud.googleapis.com/region":"europe-west4"},"metadata":{"@type":"type.googleapis.com/google.firestore.admin.v1.LocationMetadata"},"locationId":"europe-west4","displayName":"Netherlands"},{"name":"projects/crime-tracker-5299b/locations/europe-west6","labels":{"appengine.googleapis.com/region":"europe-west6","cloud.googleapis.com/location":"europe-west6","cloud.googleapis.com/region":"europe-west6"},"metadata":{"@type":"type.googleapis.com/google.firestore.admin.v1.LocationMetadata"},"locationId":"europe-west6","displayName":"Zurich"},{"name":"projects/crime-tracker-5299b/locations/europe-west8","labels":{"cloud.googleapis.com/location":"europe-west8","cloud.googleapis.com/region":"europe-west8"},"metadata":{"@type":"type.googleapis.com/google.firestore.admin.v1.LocationMetadata"},"locationId":"europe-west8","displayName":"Milan"},{"name":"projects/crime-tracker-5299b/locations/europe-west9","labels":{"cloud.googleapis.com/location":"europe-west9","cloud.googleapis.com/region":"europe-west9"},"metadata":{"@type":"type.googleapis.com/google.firestore.admin.v1.LocationMetadata"},"locationId":"europe-west9","displayName":"Paris"},{"name":"projects/crime-tracker-5299b/locations/me-central1","labels":{"cloud.googleapis.com/location":"me-central1","cloud.googleapis.com/region":"me-central1"},"metadata":{"@type":"type.googleapis.com/google.firestore.admin.v1.LocationMetadata"},"locationId":"me-central1","displayName":"Doha"},{"name":"projects/crime-tracker-5299b/locations/me-central2","labels":{"cloud.googleapis.com/location":"me-central2","cloud.googleapis.com/region":"me-central2"},"metadata":{"@type":"type.googleapis.com/google.firestore.admin.v1.LocationMetadata"},"locationId":"me-central2","displayName":"Dammam"},{"name":"projects/crime-tracker-5299b/locations/me-west1","labels":{"cloud.googleapis.com/location":"me-west1","cloud.googleapis.com/region":"me-west1"},"metadata":{"@type":"type.googleapis.com/google.firestore.admin.v1.LocationMetadata"},"locationId":"me-west1","displayName":"Tel Aviv"},{"name":"projects/crime-tracker-5299b/locations/northamerica-northeast1","labels":{"appengine.googleapis.com/region":"northamerica-northeast1","cloud.googleapis.com/location":"northamerica-northeast1","cloud.googleapis.com/region":"northamerica-northeast1"},"metadata":{"@type":"type.googleapis.com/google.firestore.admin.v1.LocationMetadata"},"locationId":"northamerica-northeast1","displayName":"Montréal"},{"name":"projects/crime-tracker-5299b/locations/northamerica-northeast2","labels":{"cloud.googleapis.com/location":"northamerica-northeast2","cloud.googleapis.com/region":"northamerica-northeast2"},"metadata":{"@type":"type.googleapis.com/google.firestore.admin.v1.LocationMetadata"},"locationId":"northamerica-northeast2","displayName":"Toronto"},{"name":"projects/crime-tracker-5299b/locations/northamerica-south1","labels":{"cloud.googleapis.com/location":"northamerica-south1","cloud.googleapis.com/region":"northamerica-south1"},"metadata":{"@type":"type.googleapis.com/google.firestore.admin.v1.LocationMetadata"},"locationId":"northamerica-south1","displayName":"Mexico"},{"name":"projects/crime-tracker-5299b/locations/southamerica-east1","labels":{"appengine.googleapis.com/region":"southamerica-east1","cloud.googleapis.com/location":"southamerica-east1","cloud.googleapis.com/region":"southamerica-east1"},"metadata":{"@type":"type.googleapis.com/google.firestore.admin.v1.LocationMetadata"},"locationId":"southamerica-east1","displayName":"São Paulo"},{"name":"projects/crime-tracker-5299b/locations/southamerica-west1","labels":{"cloud.googleapis.com/location":"southamerica-west1","cloud.googleapis.com/region":"southamerica-west1"},"metadata":{"@type":"type.googleapis.com/google.firestore.admin.v1.LocationMetadata"},"locationId":"southamerica-west1","displayName":"Santiago"},{"name":"projects/crime-tracker-5299b/locations/us-central1","labels":{"cloud.googleapis.com/location":"us-central1","cloud.googleapis.com/region":"us-central1"},"metadata":{"@type":"type.googleapis.com/google.firestore.admin.v1.LocationMetadata"},"locationId":"us-central1","displayName":"Iowa"},{"name":"projects/crime-tracker-5299b/locations/us-east1","labels":{"appengine.googleapis.com/region":"us-east1","cloud.googleapis.com/location":"us-east1","cloud.googleapis.com/region":"us-east1"},"metadata":{"@type":"type.googleapis.com/google.firestore.admin.v1.LocationMetadata"},"locationId":"us-east1","displayName":"South Carolina"},{"name":"projects/crime-tracker-5299b/locations/us-east4","labels":{"appengine.googleapis.com/region":"us-east4","cloud.googleapis.com/location":"us-east4","cloud.googleapis.com/region":"us-east4"},"metadata":{"@type":"type.googleapis.com/google.firestore.admin.v1.LocationMetadata"},"locationId":"us-east4","displayName":"Northern Virginia"},{"name":"projects/crime-tracker-5299b/locations/us-east5","labels":{"cloud.googleapis.com/location":"us-east5","cloud.googleapis.com/region":"us-east5"},"metadata":{"@type":"type.googleapis.com/google.firestore.admin.v1.LocationMetadata"},"locationId":"us-east5","displayName":"Columbus"},{"name":"projects/crime-tracker-5299b/locations/us-south1","labels":{"cloud.googleapis.com/location":"us-south1","cloud.googleapis.com/region":"us-south1"},"metadata":{"@type":"type.googleapis.com/google.firestore.admin.v1.LocationMetadata"},"locationId":"us-south1","displayName":"Dallas"},{"name":"projects/crime-tracker-5299b/locations/us-west1","labels":{"appengine.googleapis.com/region":"us-west1","cloud.googleapis.com/location":"us-west1","cloud.googleapis.com/region":"us-west1"},"metadata":{"@type":"type.googleapis.com/google.firestore.admin.v1.LocationMetadata"},"locationId":"us-west1","displayName":"Oregon"},{"name":"projects/crime-tracker-5299b/locations/us-west2","labels":{"appengine.googleapis.com/region":"us-west2","cloud.googleapis.com/location":"us-west2","cloud.googleapis.com/region":"us-west2"},"metadata":{"@type":"type.googleapis.com/google.firestore.admin.v1.LocationMetadata"},"locationId":"us-west2","displayName":"Los Angeles"},{"name":"projects/crime-tracker-5299b/locations/us-west3","labels":{"appengine.googleapis.com/region":"us-west3","cloud.googleapis.com/location":"us-west3","cloud.googleapis.com/region":"us-west3"},"metadata":{"@type":"type.googleapis.com/google.firestore.admin.v1.LocationMetadata"},"locationId":"us-west3","displayName":"Salt Lake City"},{"name":"projects/crime-tracker-5299b/locations/us-west4","labels":{"appengine.googleapis.com/region":"us-west4","cloud.googleapis.com/location":"us-west4","cloud.googleapis.com/region":"us-west4"},"metadata":{"@type":"type.googleapis.com/google.firestore.admin.v1.LocationMetadata"},"locationId":"us-west4","displayName":"Las Vegas"}]}
[info] 
[info] Firestore Security Rules allow you to define how and when to allow
[info] requests. You can keep these rules in your project directory
[info] and publish them with firebase deploy.
[info] 
[debug] [2025-10-06T12:53:27.845Z] Checked if tokens are valid: true, expires at: 1759758681959
[debug] [2025-10-06T12:53:27.845Z] Checked if tokens are valid: true, expires at: 1759758681959
[debug] [2025-10-06T12:53:27.845Z] >>> [apiv2][query] GET https://firebaserules.googleapis.com/v1/projects/crime-tracker-5299b/releases pageSize=10&pageToken=
[debug] [2025-10-06T12:53:29.169Z] <<< [apiv2][status] GET https://firebaserules.googleapis.com/v1/projects/crime-tracker-5299b/releases 200
[debug] [2025-10-06T12:53:29.170Z] <<< [apiv2][body] GET https://firebaserules.googleapis.com/v1/projects/crime-tracker-5299b/releases {}
[info] 
[info] Firestore indexes allow you to perform complex queries while
[info] maintaining performance that scales with the size of the result
[info] set. You can keep index definitions in your project directory
[info] and publish them with firebase deploy.
[info] 
[debug] [2025-10-06T12:53:33.427Z] Checked if tokens are valid: true, expires at: 1759758681959
[debug] [2025-10-06T12:53:33.427Z] Checked if tokens are valid: true, expires at: 1759758681959
[debug] [2025-10-06T12:53:33.428Z] Checked if tokens are valid: true, expires at: 1759758681959
[debug] [2025-10-06T12:53:33.428Z] Checked if tokens are valid: true, expires at: 1759758681959
[debug] [2025-10-06T12:53:33.428Z] >>> [apiv2][query] GET https://firestore.googleapis.com/v1/projects/crime-tracker-5299b/databases/(default)/collectionGroups/-/indexes [none]
[debug] [2025-10-06T12:53:33.434Z] >>> [apiv2][query] GET https://firestore.googleapis.com/v1/projects/crime-tracker-5299b/databases/(default)/collectionGroups/-/fields?filter=indexConfig.usesAncestorConfig=false OR ttlConfig:* [none]
[debug] [2025-10-06T12:53:34.052Z] <<< [apiv2][status] GET https://firestore.googleapis.com/v1/projects/crime-tracker-5299b/databases/(default)/collectionGroups/-/indexes 404
[debug] [2025-10-06T12:53:34.053Z] <<< [apiv2][body] GET https://firestore.googleapis.com/v1/projects/crime-tracker-5299b/databases/(default)/collectionGroups/-/indexes {"error":{"code":404,"message":"Project 'crime-tracker-5299b' or database '(default)' does not exist.","status":"NOT_FOUND"}}
[info] +  Wrote firestore.rules 
[info] +  Wrote firestore.indexes.json 
[debug] [2025-10-06T12:53:34.080Z] <<< [apiv2][status] GET https://firestore.googleapis.com/v1/projects/crime-tracker-5299b/databases/(default)/collectionGroups/-/fields?filter=indexConfig.usesAncestorConfig=false OR ttlConfig:* 404
[debug] [2025-10-06T12:53:34.080Z] <<< [apiv2][body] GET https://firestore.googleapis.com/v1/projects/crime-tracker-5299b/databases/(default)/collectionGroups/-/fields?filter=indexConfig.usesAncestorConfig=false OR ttlConfig:* {"error":{"code":404,"message":"Project 'crime-tracker-5299b' or database '(default)' does not exist.","status":"NOT_FOUND"}}
[info] 
=== Hosting Setup
[debug] [2025-10-06T12:53:34.613Z] Checked if tokens are valid: true, expires at: 1759758681959
[debug] [2025-10-06T12:53:34.613Z] Checked if tokens are valid: true, expires at: 1759758681959
[debug] [2025-10-06T12:53:34.613Z] >>> [apiv2][query] GET https://firebase.googleapis.com/v1beta1/projects/crime-tracker-5299b [none]
[debug] [2025-10-06T12:53:35.303Z] <<< [apiv2][status] GET https://firebase.googleapis.com/v1beta1/projects/crime-tracker-5299b 200
[debug] [2025-10-06T12:53:35.304Z] <<< [apiv2][body] GET https://firebase.googleapis.com/v1beta1/projects/crime-tracker-5299b {"projectId":"crime-tracker-5299b","projectNumber":"887253249053","displayName":"crime-tracker","name":"projects/crime-tracker-5299b","resources":{"hostingSite":"crime-tracker-5299b"},"state":"ACTIVE","etag":"1_df0aaa14-67ed-4a55-8812-212b969930d2"}
[info] 
[info] Your public directory is the folder (relative to your project directory) that
[info] will contain Hosting assets to be uploaded with firebase deploy. If you
[info] have a build process for your assets, use your build's output directory.
[info] 
[debug] [2025-10-06T12:54:32.882Z] >>> [apiv2][query] GET https://www.gstatic.com/firebasejs/releases.json [none]
[debug] [2025-10-06T12:54:33.447Z] <<< [apiv2][status] GET https://www.gstatic.com/firebasejs/releases.json 200
[debug] [2025-10-06T12:54:33.448Z] <<< [apiv2][body] GET https://www.gstatic.com/firebasejs/releases.json {"current":{"version":"12.3.0","browserURL":"https://www.gstatic.com/firebasejs/12.3.0/firebase.js","packageURL":"https://www.gstatic.com/firebasejs/12.3.0/firebase.tgz"},"live":{"version":"12.3","browserURL":"https://www.gstatic.com/firebasejs/live/12.3/firebase.js","packageURL":"https://www.gstatic.com/firebasejs/live/12.3/firebase.tgz"},"components":{"ai":"https://www.gstatic.com/firebasejs/12.3.0/firebase-ai.js","analytics":"https://www.gstatic.com/firebasejs/12.3.0/firebase-analytics.js","app":"https://www.gstatic.com/firebasejs/12.3.0/firebase-app.js","app-check":"https://www.gstatic.com/firebasejs/12.3.0/firebase-app-check.js","auth":"https://www.gstatic.com/firebasejs/12.3.0/firebase-auth.js","auth/cordova":"https://www.gstatic.com/firebasejs/12.3.0/firebase-auth/cordova.js","auth/web-extension":"https://www.gstatic.com/firebasejs/12.3.0/firebase-auth/web-extension.js","functions":"https://www.gstatic.com/firebasejs/12.3.0/firebase-functions.js","firestore":"https://www.gstatic.com/firebasejs/12.3.0/firebase-firestore.js","firestore/lite":"https://www.gstatic.com/firebasejs/12.3.0/firebase-firestore/lite.js","installations":"https://www.gstatic.com/firebasejs/12.3.0/firebase-installations.js","storage":"https://www.gstatic.com/firebasejs/12.3.0/firebase-storage.js","performance":"https://www.gstatic.com/firebasejs/12.3.0/firebase-performance.js","remote-config":"https://www.gstatic.com/firebasejs/12.3.0/firebase-remote-config.js","messaging":"https://www.gstatic.com/firebasejs/12.3.0/firebase-messaging.js","messaging/sw":"https://www.gstatic.com/firebasejs/12.3.0/firebase-messaging/sw.js","database":"https://www.gstatic.com/firebasejs/12.3.0/firebase-database.js","data-connect":"https://www.gstatic.com/firebasejs/12.3.0/firebase-data-connect.js","firestore.memory":"https://www.gstatic.com/firebasejs/12.3.0/firebase-firestore.memory.js"}}
[info] +  Wrote public/index.html 
[info] 
[info] i  Detected a .git folder at C:\Users\USER\Desktop\crime-tracker 
[info] i  Authorizing with GitHub to upload your service account to a GitHub repository's secrets store. 
[info] 
[info] Visit this URL on this device to log in:
[info] https://github.com/login/oauth/authorize?client_id=89cf50f02ac6aaed3484&state=648675243&redirect_uri=http%3A%2F%2Flocalhost%3A9005&scope=read%3Auser%20repo%20public_repo
[info] 
[info] Waiting for authentication...
[debug] [2025-10-06T12:54:50.210Z] >>> [apiv2][query] POST https://github.com/login/oauth/access_token [none]
[debug] [2025-10-06T12:54:50.210Z] >>> [apiv2][body] POST https://github.com/login/oauth/access_token [stream]
[debug] [2025-10-06T12:54:50.942Z] <<< [apiv2][status] POST https://github.com/login/oauth/access_token 200
[debug] [2025-10-06T12:54:50.942Z] <<< [apiv2][body] POST https://github.com/login/oauth/access_token {"access_token":"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","token_type":"bearer","scope":"read:user,repo"}
[debug] [2025-10-06T12:54:50.961Z] >>> [apiv2][query] GET https://api.github.com/user [none]
[debug] [2025-10-06T12:54:51.661Z] <<< [apiv2][status] GET https://api.github.com/user 200
[debug] [2025-10-06T12:54:51.661Z] <<< [apiv2][body] GET https://api.github.com/user {"login":"Nonsomanuel","id":113859899,"node_id":"U_kgDOBsldOw","avatar_url":"https://avatars.githubusercontent.com/u/113859899?v=4","gravatar_id":"","url":"https://api.github.com/users/Nonsomanuel","html_url":"https://github.com/Nonsomanuel","followers_url":"https://api.github.com/users/Nonsomanuel/followers","following_url":"https://api.github.com/users/Nonsomanuel/following{/other_user}","gists_url":"https://api.github.com/users/Nonsomanuel/gists{/gist_id}","starred_url":"https://api.github.com/users/Nonsomanuel/starred{/owner}{/repo}","subscriptions_url":"https://api.github.com/users/Nonsomanuel/subscriptions","organizations_url":"https://api.github.com/users/Nonsomanuel/orgs","repos_url":"https://api.github.com/users/Nonsomanuel/repos","events_url":"https://api.github.com/users/Nonsomanuel/events{/privacy}","received_events_url":"https://api.github.com/users/Nonsomanuel/received_events","type":"User","user_view_type":"private","site_admin":false,"name":"Nonsomanuel","company":null,"blog":"","location":null,"email":null,"hireable":null,"bio":null,"twitter_username":null,"notification_email":null,"public_repos":28,"public_gists":0,"followers":0,"following":2,"created_at":"2022-09-18T20:22:34Z","updated_at":"2025-10-06T12:54:41Z","private_gists":0,"total_private_repos":1,"owned_private_repos":1,"disk_usage":5114,"collaborators":0,"two_factor_authentication":false,"plan":{"name":"free","space":976562499,"collaborators":0,"private_repos":10000}}
[info] 
[info] +  Success! Logged into GitHub as Nonsomanuel 
[info] 
[debug] [2025-10-06T13:20:04.953Z] >>> [apiv2][query] GET https://api.github.com/repos//actions/secrets/public-key type=owner
[debug] [2025-10-06T13:20:05.574Z] <<< [apiv2][status] GET https://api.github.com/repos//actions/secrets/public-key 404
[debug] [2025-10-06T13:20:05.575Z] <<< [apiv2][body] GET https://api.github.com/repos//actions/secrets/public-key {"message":"Not Found","documentation_url":"https://docs.github.com/rest","status":"404"}
[info] 
[info] 
[error] !  The provided authorization cannot be used with this repository. If this repository is in an organization, did you remember to grant access? 
[info] 
[info] i  Action required: Visit this URL to ensure access has been granted to the appropriate organization(s) for the Firebase CLI GitHub OAuth App: 
[info] https://github.com/settings/connections/applications/89cf50f02ac6aaed3484
[info] 
